

Started GET "/" for ::1 at 2016-11-19 18:31:30 -0300

ActiveRecord::PendingMigrationError (

Migrations are pending. To resolve this issue, run:

	bin/rake db:migrate RAILS_ENV=development

):
  activerecord (4.2.5) lib/active_record/migration.rb:392:in `check_pending!'
  activerecord (4.2.5) lib/active_record/migration.rb:373:in `call'
  actionpack (4.2.5) lib/action_dispatch/middleware/callbacks.rb:29:in `block in call'
  activesupport (4.2.5) lib/active_support/callbacks.rb:88:in `__run_callbacks__'
  activesupport (4.2.5) lib/active_support/callbacks.rb:778:in `_run_call_callbacks'
  activesupport (4.2.5) lib/active_support/callbacks.rb:81:in `run_callbacks'
  actionpack (4.2.5) lib/action_dispatch/middleware/callbacks.rb:27:in `call'
  actionpack (4.2.5) lib/action_dispatch/middleware/reloader.rb:73:in `call'
  actionpack (4.2.5) lib/action_dispatch/middleware/remote_ip.rb:78:in `call'
  actionpack (4.2.5) lib/action_dispatch/middleware/debug_exceptions.rb:17:in `call'
  web-console (2.3.0) lib/web_console/middleware.rb:28:in `block in call'
  web-console (2.3.0) lib/web_console/middleware.rb:18:in `catch'
  web-console (2.3.0) lib/web_console/middleware.rb:18:in `call'
  actionpack (4.2.5) lib/action_dispatch/middleware/show_exceptions.rb:30:in `call'
  railties (4.2.5) lib/rails/rack/logger.rb:38:in `call_app'
  railties (4.2.5) lib/rails/rack/logger.rb:20:in `block in call'
  activesupport (4.2.5) lib/active_support/tagged_logging.rb:68:in `block in tagged'
  activesupport (4.2.5) lib/active_support/tagged_logging.rb:26:in `tagged'
  activesupport (4.2.5) lib/active_support/tagged_logging.rb:68:in `tagged'
  railties (4.2.5) lib/rails/rack/logger.rb:20:in `call'
  actionpack (4.2.5) lib/action_dispatch/middleware/request_id.rb:21:in `call'
  rack (1.6.4) lib/rack/methodoverride.rb:22:in `call'
  rack (1.6.4) lib/rack/runtime.rb:18:in `call'
  activesupport (4.2.5) lib/active_support/cache/strategy/local_cache_middleware.rb:28:in `call'
  rack (1.6.4) lib/rack/lock.rb:17:in `call'
  actionpack (4.2.5) lib/action_dispatch/middleware/static.rb:116:in `call'
  rack (1.6.4) lib/rack/sendfile.rb:113:in `call'
  railties (4.2.5) lib/rails/engine.rb:518:in `call'
  railties (4.2.5) lib/rails/application.rb:165:in `call'
  rack (1.6.4) lib/rack/lock.rb:17:in `call'
  rack (1.6.4) lib/rack/content_length.rb:15:in `call'
  rack (1.6.4) lib/rack/handler/webrick.rb:88:in `service'
  /Users/Alexandra/.rbenv/versions/2.3.1/lib/ruby/2.3.0/webrick/httpserver.rb:140:in `service'
  /Users/Alexandra/.rbenv/versions/2.3.1/lib/ruby/2.3.0/webrick/httpserver.rb:96:in `run'
  /Users/Alexandra/.rbenv/versions/2.3.1/lib/ruby/2.3.0/webrick/server.rb:296:in `block in start_thread'


  Rendered /Users/Alexandra/.rbenv/versions/2.3.1/lib/ruby/gems/2.3.0/gems/actionpack-4.2.5/lib/action_dispatch/middleware/templates/rescues/_source.erb (3.1ms)
  Rendered /Users/Alexandra/.rbenv/versions/2.3.1/lib/ruby/gems/2.3.0/gems/actionpack-4.2.5/lib/action_dispatch/middleware/templates/rescues/_trace.html.erb (3.3ms)
  Rendered /Users/Alexandra/.rbenv/versions/2.3.1/lib/ruby/gems/2.3.0/gems/actionpack-4.2.5/lib/action_dispatch/middleware/templates/rescues/_request_and_response.html.erb (1.1ms)
  Rendered /Users/Alexandra/.rbenv/versions/2.3.1/lib/ruby/gems/2.3.0/gems/actionpack-4.2.5/lib/action_dispatch/middleware/templates/rescues/diagnostics.html.erb within rescues/layout (107.3ms)
  Rendered /Users/Alexandra/.rbenv/versions/2.3.1/lib/ruby/gems/2.3.0/gems/web-console-2.3.0/lib/web_console/templates/_markup.html.erb (0.5ms)
  Rendered /Users/Alexandra/.rbenv/versions/2.3.1/lib/ruby/gems/2.3.0/gems/web-console-2.3.0/lib/web_console/templates/_inner_console_markup.html.erb within layouts/inlined_string (0.7ms)
  Rendered /Users/Alexandra/.rbenv/versions/2.3.1/lib/ruby/gems/2.3.0/gems/web-console-2.3.0/lib/web_console/templates/_prompt_box_markup.html.erb within layouts/inlined_string (0.5ms)
  Rendered /Users/Alexandra/.rbenv/versions/2.3.1/lib/ruby/gems/2.3.0/gems/web-console-2.3.0/lib/web_console/templates/style.css.erb within layouts/inlined_string (0.4ms)
  Rendered /Users/Alexandra/.rbenv/versions/2.3.1/lib/ruby/gems/2.3.0/gems/web-console-2.3.0/lib/web_console/templates/console.js.erb within layouts/javascript (200.9ms)
  Rendered /Users/Alexandra/.rbenv/versions/2.3.1/lib/ruby/gems/2.3.0/gems/web-console-2.3.0/lib/web_console/templates/main.js.erb within layouts/javascript (0.5ms)
  Rendered /Users/Alexandra/.rbenv/versions/2.3.1/lib/ruby/gems/2.3.0/gems/web-console-2.3.0/lib/web_console/templates/error_page.js.erb within layouts/javascript (0.6ms)
  Rendered /Users/Alexandra/.rbenv/versions/2.3.1/lib/ruby/gems/2.3.0/gems/web-console-2.3.0/lib/web_console/templates/index.html.erb (370.8ms)
  [1m[36m (7.7ms)[0m  [1mCREATE TABLE "schema_migrations" ("version" varchar NOT NULL) [0m
  [1m[35m (23.9ms)[0m  select sqlite_version(*)
  [1m[36m (7.2ms)[0m  [1mCREATE UNIQUE INDEX "unique_schema_migrations" ON "schema_migrations" ("version")[0m
  [1m[35mActiveRecord::SchemaMigration Load (0.1ms)[0m  SELECT "schema_migrations".* FROM "schema_migrations"
Migrating to CreateMusics (20161115153237)
  [1m[36m (0.1ms)[0m  [1mbegin transaction[0m
  [1m[35m (0.6ms)[0m  CREATE TABLE "musics" ("id" INTEGER PRIMARY KEY AUTOINCREMENT NOT NULL, "title" varchar, "artist" varchar, "year" varchar, "genre" varchar, "created_at" datetime NOT NULL, "updated_at" datetime NOT NULL) 
  [1m[36mSQL (0.3ms)[0m  [1mINSERT INTO "schema_migrations" ("version") VALUES (?)[0m  [["version", "20161115153237"]]
  [1m[35m (1.3ms)[0m  commit transaction
  [1m[36mActiveRecord::SchemaMigration Load (0.2ms)[0m  [1mSELECT "schema_migrations".* FROM "schema_migrations"[0m


Started GET "/" for ::1 at 2016-11-19 18:36:26 -0300
  [1m[36mActiveRecord::SchemaMigration Load (0.4ms)[0m  [1mSELECT "schema_migrations".* FROM "schema_migrations"[0m
Processing by HomeController#index as HTML
  [1m[35mMusic Load (12.6ms)[0m  SELECT "musics".* FROM "musics"
  Rendered home/index.html.erb within layouts/application (248.4ms)
Completed 200 OK in 1174ms (Views: 1108.6ms | ActiveRecord: 13.0ms)


Started GET "/assets/application.self-e80e8f2318043e8af94dddc2adad5a4f09739a8ebb323b3ab31cd71d45fd9113.css?body=1" for ::1 at 2016-11-19 18:36:28 -0300


Started GET "/assets/jquery.self-bd7ddd393353a8d2480a622e80342adf488fb6006d667e8b42e4c0073393abee.js?body=1" for ::1 at 2016-11-19 18:36:28 -0300


Started GET "/assets/jquery_ujs.self-784a997f6726036b1993eb2217c9cb558e1cbb801c6da88105588c56f13b466a.js?body=1" for ::1 at 2016-11-19 18:36:28 -0300


Started GET "/assets/turbolinks.self-c5acd7a204f5f25ce7a1d8a0e4d92e28d34c9e2df2c7371cd7af88e147e4ad82.js?body=1" for ::1 at 2016-11-19 18:36:28 -0300


Started GET "/assets/home.self-1e477c6237b47085baae30e87570e663fcb9d116b25221e6adbe50dfa4460fd2.js?body=1" for ::1 at 2016-11-19 18:36:28 -0300


Started GET "/assets/application.self-3b8dabdc891efe46b9a144b400ad69e37d7e5876bdc39dee783419a69d7ca819.js?body=1" for ::1 at 2016-11-19 18:36:28 -0300


Started GET "/assets/home.self-ce8d672e15087d62cf7cf6bc2f0d4fdd0b5e8e67bbe1c100a8354c0385cd7e05.css?body=1" for ::1 at 2016-11-19 18:36:28 -0300


Started POST "/musics" for ::1 at 2016-11-19 18:39:34 -0300
Processing by MusicsController#create as JSON
  Parameters: {"title"=>"sasa", "artist"=>"", "year"=>"", "genre"=>""}
  [1m[36m (0.5ms)[0m  [1mbegin transaction[0m
  [1m[35mSQL (16.9ms)[0m  INSERT INTO "musics" ("title", "artist", "year", "genre", "created_at", "updated_at") VALUES (?, ?, ?, ?, ?, ?)  [["title", "sasa"], ["artist", ""], ["year", ""], ["genre", ""], ["created_at", "2016-11-19 21:39:34.960121"], ["updated_at", "2016-11-19 21:39:34.960121"]]
  [1m[36m (7.8ms)[0m  [1mcommit transaction[0m
[active_model_serializers] Rendered ActiveModel::Serializer::Null with Music (0.82ms)
Completed 201 Created in 139ms (Views: 60.2ms | ActiveRecord: 25.3ms)


Started GET "/" for ::1 at 2016-11-19 18:43:21 -0300
Processing by HomeController#index as HTML
  [1m[35mMusic Load (1.1ms)[0m  SELECT "musics".* FROM "musics"
  Rendered home/index.html.erb within layouts/application (50.0ms)
Completed 200 OK in 329ms (Views: 310.4ms | ActiveRecord: 1.1ms)


Started GET "/" for ::1 at 2016-11-19 18:44:32 -0300
Processing by HomeController#index as HTML
  [1m[36mMusic Load (0.3ms)[0m  [1mSELECT "musics".* FROM "musics"[0m
  Rendered home/index.html.erb within layouts/application (8.2ms)
Completed 200 OK in 121ms (Views: 120.0ms | ActiveRecord: 0.3ms)


Started GET "/" for ::1 at 2016-11-19 18:44:43 -0300
Processing by HomeController#index as HTML
  [1m[35mMusic Load (0.3ms)[0m  SELECT "musics".* FROM "musics"
  Rendered home/index.html.erb within layouts/application (7.3ms)
Completed 200 OK in 90ms (Views: 88.9ms | ActiveRecord: 0.3ms)


Started GET "/" for ::1 at 2016-11-19 18:45:07 -0300
Processing by HomeController#index as HTML
  [1m[36mMusic Load (0.3ms)[0m  [1mSELECT "musics".* FROM "musics"[0m
  Rendered home/index.html.erb within layouts/application (7.2ms)
Completed 200 OK in 43ms (Views: 41.8ms | ActiveRecord: 0.3ms)


Started GET "/" for ::1 at 2016-11-19 18:47:14 -0300
Processing by HomeController#index as HTML
  [1m[35mMusic Load (0.4ms)[0m  SELECT "musics".* FROM "musics"
  Rendered home/index.html.erb within layouts/application (8.4ms)
Completed 200 OK in 154ms (Views: 151.1ms | ActiveRecord: 0.4ms)


Started GET "/assets/home.self-ce8d672e15087d62cf7cf6bc2f0d4fdd0b5e8e67bbe1c100a8354c0385cd7e05.css?body=1" for ::1 at 2016-11-19 18:47:15 -0300


Started GET "/assets/application.self-e80e8f2318043e8af94dddc2adad5a4f09739a8ebb323b3ab31cd71d45fd9113.css?body=1" for ::1 at 2016-11-19 18:47:15 -0300


Started GET "/assets/turbolinks.self-c5acd7a204f5f25ce7a1d8a0e4d92e28d34c9e2df2c7371cd7af88e147e4ad82.js?body=1" for ::1 at 2016-11-19 18:47:15 -0300


Started GET "/assets/home.self-1e477c6237b47085baae30e87570e663fcb9d116b25221e6adbe50dfa4460fd2.js?body=1" for ::1 at 2016-11-19 18:47:15 -0300


Started GET "/assets/jquery.self-bd7ddd393353a8d2480a622e80342adf488fb6006d667e8b42e4c0073393abee.js?body=1" for ::1 at 2016-11-19 18:47:15 -0300


Started GET "/assets/jquery_ujs.self-784a997f6726036b1993eb2217c9cb558e1cbb801c6da88105588c56f13b466a.js?body=1" for ::1 at 2016-11-19 18:47:15 -0300


Started GET "/assets/application.self-3b8dabdc891efe46b9a144b400ad69e37d7e5876bdc39dee783419a69d7ca819.js?body=1" for ::1 at 2016-11-19 18:47:15 -0300


Started GET "/" for ::1 at 2016-11-19 18:47:23 -0300
Processing by HomeController#index as HTML
  [1m[36mMusic Load (0.2ms)[0m  [1mSELECT "musics".* FROM "musics"[0m
  Rendered home/index.html.erb within layouts/application (9.1ms)
Completed 200 OK in 44ms (Views: 43.3ms | ActiveRecord: 0.2ms)


Started GET "/assets/application.self-e80e8f2318043e8af94dddc2adad5a4f09739a8ebb323b3ab31cd71d45fd9113.css?body=1" for ::1 at 2016-11-19 18:47:23 -0300


Started GET "/assets/jquery.self-bd7ddd393353a8d2480a622e80342adf488fb6006d667e8b42e4c0073393abee.js?body=1" for ::1 at 2016-11-19 18:47:23 -0300


Started GET "/assets/turbolinks.self-c5acd7a204f5f25ce7a1d8a0e4d92e28d34c9e2df2c7371cd7af88e147e4ad82.js?body=1" for ::1 at 2016-11-19 18:47:24 -0300


Started GET "/assets/jquery_ujs.self-784a997f6726036b1993eb2217c9cb558e1cbb801c6da88105588c56f13b466a.js?body=1" for ::1 at 2016-11-19 18:47:24 -0300


Started GET "/assets/home.self-1e477c6237b47085baae30e87570e663fcb9d116b25221e6adbe50dfa4460fd2.js?body=1" for ::1 at 2016-11-19 18:47:24 -0300


Started GET "/assets/application.self-3b8dabdc891efe46b9a144b400ad69e37d7e5876bdc39dee783419a69d7ca819.js?body=1" for ::1 at 2016-11-19 18:47:24 -0300


Started GET "/assets/home.self-ce8d672e15087d62cf7cf6bc2f0d4fdd0b5e8e67bbe1c100a8354c0385cd7e05.css?body=1" for ::1 at 2016-11-19 18:47:24 -0300


Started GET "/" for ::1 at 2016-11-19 18:47:32 -0300
Processing by HomeController#index as HTML
  [1m[35mMusic Load (0.3ms)[0m  SELECT "musics".* FROM "musics"
  Rendered home/index.html.erb within layouts/application (10.6ms)
Completed 200 OK in 72ms (Views: 70.4ms | ActiveRecord: 0.3ms)


Started GET "/assets/application.self-e80e8f2318043e8af94dddc2adad5a4f09739a8ebb323b3ab31cd71d45fd9113.css?body=1" for ::1 at 2016-11-19 18:47:32 -0300


Started GET "/assets/jquery.self-bd7ddd393353a8d2480a622e80342adf488fb6006d667e8b42e4c0073393abee.js?body=1" for ::1 at 2016-11-19 18:47:32 -0300


Started GET "/assets/home.self-ce8d672e15087d62cf7cf6bc2f0d4fdd0b5e8e67bbe1c100a8354c0385cd7e05.css?body=1" for ::1 at 2016-11-19 18:47:32 -0300


Started GET "/assets/jquery_ujs.self-784a997f6726036b1993eb2217c9cb558e1cbb801c6da88105588c56f13b466a.js?body=1" for ::1 at 2016-11-19 18:47:32 -0300


Started GET "/assets/turbolinks.self-c5acd7a204f5f25ce7a1d8a0e4d92e28d34c9e2df2c7371cd7af88e147e4ad82.js?body=1" for ::1 at 2016-11-19 18:47:32 -0300


Started GET "/assets/home.self-1e477c6237b47085baae30e87570e663fcb9d116b25221e6adbe50dfa4460fd2.js?body=1" for ::1 at 2016-11-19 18:47:32 -0300


Started GET "/assets/application.self-3b8dabdc891efe46b9a144b400ad69e37d7e5876bdc39dee783419a69d7ca819.js?body=1" for ::1 at 2016-11-19 18:47:32 -0300


Started GET "/" for ::1 at 2016-11-19 18:47:36 -0300
Processing by HomeController#index as HTML
  [1m[36mMusic Load (0.3ms)[0m  [1mSELECT "musics".* FROM "musics"[0m
  Rendered home/index.html.erb within layouts/application (10.6ms)
Completed 200 OK in 62ms (Views: 60.3ms | ActiveRecord: 0.3ms)


Started GET "/assets/application.self-e80e8f2318043e8af94dddc2adad5a4f09739a8ebb323b3ab31cd71d45fd9113.css?body=1" for ::1 at 2016-11-19 18:47:36 -0300


Started GET "/assets/jquery.self-bd7ddd393353a8d2480a622e80342adf488fb6006d667e8b42e4c0073393abee.js?body=1" for ::1 at 2016-11-19 18:47:36 -0300


Started GET "/assets/home.self-ce8d672e15087d62cf7cf6bc2f0d4fdd0b5e8e67bbe1c100a8354c0385cd7e05.css?body=1" for ::1 at 2016-11-19 18:47:36 -0300


Started GET "/assets/jquery_ujs.self-784a997f6726036b1993eb2217c9cb558e1cbb801c6da88105588c56f13b466a.js?body=1" for ::1 at 2016-11-19 18:47:36 -0300


Started GET "/assets/application.self-3b8dabdc891efe46b9a144b400ad69e37d7e5876bdc39dee783419a69d7ca819.js?body=1" for ::1 at 2016-11-19 18:47:36 -0300


Started GET "/assets/home.self-1e477c6237b47085baae30e87570e663fcb9d116b25221e6adbe50dfa4460fd2.js?body=1" for ::1 at 2016-11-19 18:47:36 -0300


Started GET "/assets/turbolinks.self-c5acd7a204f5f25ce7a1d8a0e4d92e28d34c9e2df2c7371cd7af88e147e4ad82.js?body=1" for ::1 at 2016-11-19 18:47:36 -0300


Started GET "/" for ::1 at 2016-11-19 18:47:41 -0300
Processing by HomeController#index as HTML
  [1m[35mMusic Load (0.2ms)[0m  SELECT "musics".* FROM "musics"
  Rendered home/index.html.erb within layouts/application (4.6ms)
Completed 200 OK in 27ms (Views: 25.8ms | ActiveRecord: 0.2ms)


Started GET "/assets/application.self-e80e8f2318043e8af94dddc2adad5a4f09739a8ebb323b3ab31cd71d45fd9113.css?body=1" for ::1 at 2016-11-19 18:47:41 -0300


Started GET "/assets/home.self-ce8d672e15087d62cf7cf6bc2f0d4fdd0b5e8e67bbe1c100a8354c0385cd7e05.css?body=1" for ::1 at 2016-11-19 18:47:41 -0300


Started GET "/assets/jquery.self-bd7ddd393353a8d2480a622e80342adf488fb6006d667e8b42e4c0073393abee.js?body=1" for ::1 at 2016-11-19 18:47:41 -0300


Started GET "/assets/jquery_ujs.self-784a997f6726036b1993eb2217c9cb558e1cbb801c6da88105588c56f13b466a.js?body=1" for ::1 at 2016-11-19 18:47:41 -0300


Started GET "/assets/home.self-1e477c6237b47085baae30e87570e663fcb9d116b25221e6adbe50dfa4460fd2.js?body=1" for ::1 at 2016-11-19 18:47:41 -0300


Started GET "/assets/application.self-3b8dabdc891efe46b9a144b400ad69e37d7e5876bdc39dee783419a69d7ca819.js?body=1" for ::1 at 2016-11-19 18:47:41 -0300


Started GET "/assets/turbolinks.self-c5acd7a204f5f25ce7a1d8a0e4d92e28d34c9e2df2c7371cd7af88e147e4ad82.js?body=1" for ::1 at 2016-11-19 18:47:41 -0300


Started GET "/" for ::1 at 2016-11-19 18:48:55 -0300
Processing by HomeController#index as HTML
  [1m[36mMusic Load (1.5ms)[0m  [1mSELECT "musics".* FROM "musics"[0m
  Rendered home/index.html.erb within layouts/application (24.8ms)
Completed 200 OK in 205ms (Views: 194.0ms | ActiveRecord: 1.5ms)


Started GET "/" for ::1 at 2016-11-19 18:58:49 -0300
Processing by HomeController#index as HTML
  [1m[35mMusic Load (1.6ms)[0m  SELECT "musics".* FROM "musics"
  Rendered home/index.html.erb within layouts/application (42.6ms)
Completed 200 OK in 245ms (Views: 236.3ms | ActiveRecord: 1.6ms)


Started GET "/" for ::1 at 2016-11-19 18:58:54 -0300
Processing by HomeController#index as HTML
  [1m[36mMusic Load (0.3ms)[0m  [1mSELECT "musics".* FROM "musics"[0m
  Rendered home/index.html.erb within layouts/application (6.0ms)
Completed 200 OK in 31ms (Views: 30.1ms | ActiveRecord: 0.3ms)


Started GET "/" for ::1 at 2016-11-19 19:01:47 -0300
Processing by HomeController#index as HTML
  [1m[35mMusic Load (1.7ms)[0m  SELECT "musics".* FROM "musics"
  Rendered home/index.html.erb within layouts/application (28.9ms)
Completed 200 OK in 150ms (Views: 139.6ms | ActiveRecord: 1.7ms)


Started GET "/" for ::1 at 2016-11-19 19:01:54 -0300
Processing by HomeController#index as HTML
  [1m[36mMusic Load (0.5ms)[0m  [1mSELECT "musics".* FROM "musics"[0m
  Rendered home/index.html.erb within layouts/application (9.9ms)
Completed 200 OK in 47ms (Views: 45.5ms | ActiveRecord: 0.5ms)


Started GET "/" for ::1 at 2016-11-19 19:02:10 -0300
Processing by HomeController#index as HTML
  [1m[35mMusic Load (0.3ms)[0m  SELECT "musics".* FROM "musics"
  Rendered home/index.html.erb within layouts/application (6.6ms)
Completed 200 OK in 96ms (Views: 95.2ms | ActiveRecord: 0.3ms)


Started GET "/" for ::1 at 2016-11-19 19:02:14 -0300
Processing by HomeController#index as HTML
  [1m[36mMusic Load (0.3ms)[0m  [1mSELECT "musics".* FROM "musics"[0m
  Rendered home/index.html.erb within layouts/application (4.8ms)
Completed 200 OK in 33ms (Views: 31.3ms | ActiveRecord: 0.3ms)


Started GET "/" for ::1 at 2016-11-19 19:02:21 -0300
Processing by HomeController#index as HTML
  [1m[35mMusic Load (0.3ms)[0m  SELECT "musics".* FROM "musics"
  Rendered home/index.html.erb within layouts/application (10.5ms)
Completed 200 OK in 56ms (Views: 55.1ms | ActiveRecord: 0.3ms)


Started GET "/" for ::1 at 2016-11-19 19:02:27 -0300
Processing by HomeController#index as HTML
  [1m[36mMusic Load (0.3ms)[0m  [1mSELECT "musics".* FROM "musics"[0m
  Rendered home/index.html.erb within layouts/application (11.3ms)
Completed 200 OK in 44ms (Views: 43.0ms | ActiveRecord: 0.3ms)


Started GET "/" for ::1 at 2016-11-19 19:03:15 -0300
Processing by HomeController#index as HTML
  [1m[35mMusic Load (0.9ms)[0m  SELECT "musics".* FROM "musics"
  Rendered home/index.html.erb within layouts/application (38.1ms)
Completed 200 OK in 196ms (Views: 186.1ms | ActiveRecord: 0.9ms)


Started GET "/" for ::1 at 2016-11-19 19:03:20 -0300
Processing by HomeController#index as HTML
  [1m[36mMusic Load (0.3ms)[0m  [1mSELECT "musics".* FROM "musics"[0m
  Rendered home/index.html.erb within layouts/application (11.0ms)
Completed 200 OK in 75ms (Views: 73.4ms | ActiveRecord: 0.3ms)


Started GET "/" for ::1 at 2016-11-19 19:03:26 -0300
Processing by HomeController#index as HTML
  [1m[35mMusic Load (0.5ms)[0m  SELECT "musics".* FROM "musics"
  Rendered home/index.html.erb within layouts/application (8.7ms)
Completed 200 OK in 43ms (Views: 41.2ms | ActiveRecord: 0.5ms)


Started GET "/" for ::1 at 2016-11-19 19:03:29 -0300
Processing by HomeController#index as HTML
  [1m[36mMusic Load (0.3ms)[0m  [1mSELECT "musics".* FROM "musics"[0m
  Rendered home/index.html.erb within layouts/application (8.8ms)
Completed 200 OK in 53ms (Views: 51.8ms | ActiveRecord: 0.3ms)


Started GET "/" for ::1 at 2016-11-19 19:08:18 -0300
Processing by HomeController#index as HTML
  [1m[35mMusic Load (1.4ms)[0m  SELECT "musics".* FROM "musics"
  Rendered home/index.html.erb within layouts/application (35.7ms)
Completed 200 OK in 275ms (Views: 263.0ms | ActiveRecord: 1.4ms)


Started POST "/musics" for ::1 at 2016-11-19 19:08:21 -0300
Processing by MusicsController#create as JSON
  Parameters: {"title"=>"", "artist"=>"", "year"=>"", "genre"=>""}
  [1m[36m (0.3ms)[0m  [1mbegin transaction[0m
  [1m[35mSQL (1.4ms)[0m  INSERT INTO "musics" ("title", "artist", "year", "genre", "created_at", "updated_at") VALUES (?, ?, ?, ?, ?, ?)  [["title", ""], ["artist", ""], ["year", ""], ["genre", ""], ["created_at", "2016-11-19 22:08:21.156148"], ["updated_at", "2016-11-19 22:08:21.156148"]]
  [1m[36m (2.9ms)[0m  [1mcommit transaction[0m
[active_model_serializers] Rendered ActiveModel::Serializer::Null with Music (1.31ms)
Completed 201 Created in 21ms (Views: 4.0ms | ActiveRecord: 4.7ms)


Started DELETE "/musics/2" for ::1 at 2016-11-19 19:08:24 -0300
Processing by MusicsController#destroy as HTML
  Parameters: {"authenticity_token"=>"C0s4OwWYeiFrpOi8VLjrjghT9o2zgQwCGlD3mFBtZqsFQ4C+g2CeX6eiCfSZoL+BgYvHhWDETzPORM5lyDzr/w==", "id"=>"2"}
  [1m[35mMusic Load (0.4ms)[0m  SELECT  "musics".* FROM "musics" WHERE "musics"."id" = ? LIMIT 1  [["id", 2]]
  [1m[36m (0.1ms)[0m  [1mbegin transaction[0m
  [1m[35mSQL (0.5ms)[0m  DELETE FROM "musics" WHERE "musics"."id" = ?  [["id", 2]]
  [1m[36m (2.8ms)[0m  [1mcommit transaction[0m
[active_model_serializers] Rendered ActiveModel::Serializer::Null with Music (2.35ms)
Completed 200 OK in 140ms (Views: 3.1ms | ActiveRecord: 3.8ms)


Started GET "/" for ::1 at 2016-11-19 19:21:19 -0300
Processing by HomeController#index as HTML
  [1m[35mMusic Load (0.9ms)[0m  SELECT "musics".* FROM "musics"
  Rendered home/index.html.erb within layouts/application (245.3ms)
Completed 200 OK in 589ms (Views: 571.7ms | ActiveRecord: 0.9ms)


Started GET "/" for ::1 at 2016-11-19 19:21:27 -0300
Processing by HomeController#index as HTML
  [1m[36mMusic Load (0.4ms)[0m  [1mSELECT "musics".* FROM "musics"[0m
  Rendered home/index.html.erb within layouts/application (75.3ms)
Completed 200 OK in 328ms (Views: 327.1ms | ActiveRecord: 0.4ms)


Started GET "/" for ::1 at 2016-11-19 19:21:35 -0300
Processing by HomeController#index as HTML
  [1m[35mMusic Load (1.3ms)[0m  SELECT "musics".* FROM "musics"
  Rendered home/index.html.erb within layouts/application (81.6ms)
Completed 200 OK in 406ms (Views: 396.4ms | ActiveRecord: 1.3ms)


Started GET "/" for ::1 at 2016-11-19 19:24:17 -0300
Processing by HomeController#index as HTML
  [1m[36mMusic Load (1.0ms)[0m  [1mSELECT "musics".* FROM "musics"[0m
  Rendered home/index.html.erb within layouts/application (56.0ms)
Completed 200 OK in 344ms (Views: 333.5ms | ActiveRecord: 1.0ms)


Started GET "/" for ::1 at 2016-11-19 19:24:34 -0300
Processing by HomeController#index as HTML
  Rendered home/index.html.erb within layouts/application (44.8ms)
Completed 500 Internal Server Error in 63ms (ActiveRecord: 0.0ms)

SyntaxError (/Users/Alexandra/Desktop/prueba3/ajax-api-test/app/views/home/index.html.erb:19: syntax error, unexpected ')'
...ppend=( f.text_field :title,  );@output_buffer.safe_append='
...                               ^
/Users/Alexandra/Desktop/prueba3/ajax-api-test/app/views/home/index.html.erb:36: syntax error, unexpected keyword_end, expecting ')'
'.freeze;     end 
                 ^
/Users/Alexandra/Desktop/prueba3/ajax-api-test/app/views/home/index.html.erb:66: syntax error, unexpected keyword_ensure, expecting ')'
/Users/Alexandra/Desktop/prueba3/ajax-api-test/app/views/home/index.html.erb:68: syntax error, unexpected keyword_end, expecting ')'):
  app/views/home/index.html.erb:19: syntax error, unexpected ')'
  app/views/home/index.html.erb:36: syntax error, unexpected keyword_end, expecting ')'
  app/views/home/index.html.erb:66: syntax error, unexpected keyword_ensure, expecting ')'
  app/views/home/index.html.erb:68: syntax error, unexpected keyword_end, expecting ')'


  Rendered /Users/Alexandra/.rbenv/versions/2.3.1/lib/ruby/gems/2.3.0/gems/actionpack-4.2.5/lib/action_dispatch/middleware/templates/rescues/_source.erb (90.6ms)
  Rendered /Users/Alexandra/.rbenv/versions/2.3.1/lib/ruby/gems/2.3.0/gems/actionpack-4.2.5/lib/action_dispatch/middleware/templates/rescues/_trace.html.erb (37.1ms)
  Rendered /Users/Alexandra/.rbenv/versions/2.3.1/lib/ruby/gems/2.3.0/gems/actionpack-4.2.5/lib/action_dispatch/middleware/templates/rescues/_request_and_response.html.erb (2.8ms)
  Rendered /Users/Alexandra/.rbenv/versions/2.3.1/lib/ruby/gems/2.3.0/gems/actionpack-4.2.5/lib/action_dispatch/middleware/templates/rescues/diagnostics.html.erb within rescues/layout (325.9ms)
  Rendered /Users/Alexandra/.rbenv/versions/2.3.1/lib/ruby/gems/2.3.0/gems/web-console-2.3.0/lib/web_console/templates/_markup.html.erb (0.8ms)
  Rendered /Users/Alexandra/.rbenv/versions/2.3.1/lib/ruby/gems/2.3.0/gems/web-console-2.3.0/lib/web_console/templates/_inner_console_markup.html.erb within layouts/inlined_string (0.7ms)
  Rendered /Users/Alexandra/.rbenv/versions/2.3.1/lib/ruby/gems/2.3.0/gems/web-console-2.3.0/lib/web_console/templates/_prompt_box_markup.html.erb within layouts/inlined_string (0.5ms)
  Rendered /Users/Alexandra/.rbenv/versions/2.3.1/lib/ruby/gems/2.3.0/gems/web-console-2.3.0/lib/web_console/templates/style.css.erb within layouts/inlined_string (0.6ms)
  Rendered /Users/Alexandra/.rbenv/versions/2.3.1/lib/ruby/gems/2.3.0/gems/web-console-2.3.0/lib/web_console/templates/console.js.erb within layouts/javascript (194.4ms)
  Rendered /Users/Alexandra/.rbenv/versions/2.3.1/lib/ruby/gems/2.3.0/gems/web-console-2.3.0/lib/web_console/templates/main.js.erb within layouts/javascript (0.7ms)
  Rendered /Users/Alexandra/.rbenv/versions/2.3.1/lib/ruby/gems/2.3.0/gems/web-console-2.3.0/lib/web_console/templates/error_page.js.erb within layouts/javascript (0.9ms)
  Rendered /Users/Alexandra/.rbenv/versions/2.3.1/lib/ruby/gems/2.3.0/gems/web-console-2.3.0/lib/web_console/templates/index.html.erb (695.6ms)


Started GET "/" for ::1 at 2016-11-19 19:24:46 -0300
Processing by HomeController#index as HTML
  [1m[35mMusic Load (1.0ms)[0m  SELECT "musics".* FROM "musics"
  Rendered home/index.html.erb within layouts/application (99.7ms)
Completed 200 OK in 317ms (Views: 305.7ms | ActiveRecord: 1.0ms)


Started GET "/" for ::1 at 2016-11-19 19:24:56 -0300
Processing by HomeController#index as HTML
  [1m[36mMusic Load (0.3ms)[0m  [1mSELECT "musics".* FROM "musics"[0m
  Rendered home/index.html.erb within layouts/application (148.6ms)
Completed 200 OK in 377ms (Views: 376.0ms | ActiveRecord: 0.3ms)


Started GET "/" for ::1 at 2016-11-19 19:25:22 -0300
Processing by HomeController#index as HTML
  [1m[35mMusic Load (0.8ms)[0m  SELECT "musics".* FROM "musics"
  Rendered home/index.html.erb within layouts/application (54.8ms)
Completed 200 OK in 170ms (Views: 160.4ms | ActiveRecord: 0.8ms)


Started GET "/" for ::1 at 2016-11-19 19:27:04 -0300
Processing by HomeController#index as HTML
  [1m[36mMusic Load (1.0ms)[0m  [1mSELECT "musics".* FROM "musics"[0m
  Rendered home/index.html.erb within layouts/application (26.7ms)
Completed 200 OK in 173ms (Views: 163.9ms | ActiveRecord: 1.0ms)


Started GET "/" for ::1 at 2016-11-19 19:27:24 -0300
Processing by HomeController#index as HTML
  [1m[35mMusic Load (0.4ms)[0m  SELECT "musics".* FROM "musics"
  Rendered home/index.html.erb within layouts/application (49.4ms)
Completed 200 OK in 128ms (Views: 126.7ms | ActiveRecord: 0.4ms)


Started GET "/" for ::1 at 2016-11-19 19:27:29 -0300
Processing by HomeController#index as HTML
  [1m[36mMusic Load (0.6ms)[0m  [1mSELECT "musics".* FROM "musics"[0m
  Rendered home/index.html.erb within layouts/application (45.9ms)
Completed 200 OK in 144ms (Views: 138.6ms | ActiveRecord: 0.6ms)


Started GET "/" for ::1 at 2016-11-19 19:27:37 -0300
Processing by HomeController#index as HTML
  [1m[35mMusic Load (0.4ms)[0m  SELECT "musics".* FROM "musics"
  Rendered home/index.html.erb within layouts/application (10.0ms)
Completed 200 OK in 53ms (Views: 51.6ms | ActiveRecord: 0.4ms)


Started GET "/" for ::1 at 2016-11-19 19:27:49 -0300
Processing by HomeController#index as HTML
  [1m[36mMusic Load (0.4ms)[0m  [1mSELECT "musics".* FROM "musics"[0m
  Rendered home/index.html.erb within layouts/application (62.4ms)
Completed 200 OK in 116ms (Views: 109.6ms | ActiveRecord: 0.4ms)


Started GET "/" for ::1 at 2016-11-19 19:27:57 -0300
Processing by HomeController#index as HTML
  [1m[35mMusic Load (0.9ms)[0m  SELECT "musics".* FROM "musics"
  Rendered home/index.html.erb within layouts/application (19.1ms)
Completed 200 OK in 129ms (Views: 126.9ms | ActiveRecord: 0.9ms)


Started GET "/" for ::1 at 2016-11-19 19:28:12 -0300
Processing by HomeController#index as HTML
  [1m[36mMusic Load (0.3ms)[0m  [1mSELECT "musics".* FROM "musics"[0m
  Rendered home/index.html.erb within layouts/application (9.6ms)
Completed 200 OK in 95ms (Views: 88.8ms | ActiveRecord: 0.3ms)


Started GET "/" for ::1 at 2016-11-19 19:28:28 -0300
Processing by HomeController#index as HTML
  [1m[35mMusic Load (1.7ms)[0m  SELECT "musics".* FROM "musics"
  Rendered home/index.html.erb within layouts/application (94.8ms)
Completed 200 OK in 325ms (Views: 321.2ms | ActiveRecord: 1.7ms)


Started GET "/" for ::1 at 2016-11-19 19:28:48 -0300
Processing by HomeController#index as HTML
  [1m[36mMusic Load (0.4ms)[0m  [1mSELECT "musics".* FROM "musics"[0m
  Rendered home/index.html.erb within layouts/application (38.9ms)
Completed 200 OK in 197ms (Views: 192.9ms | ActiveRecord: 0.4ms)


Started GET "/" for ::1 at 2016-11-19 19:29:01 -0300
Processing by HomeController#index as HTML
  [1m[35mMusic Load (0.3ms)[0m  SELECT "musics".* FROM "musics"
  Rendered home/index.html.erb within layouts/application (64.7ms)
Completed 200 OK in 242ms (Views: 236.3ms | ActiveRecord: 0.3ms)


Started GET "/" for ::1 at 2016-11-19 19:29:11 -0300
Processing by HomeController#index as HTML
  [1m[36mMusic Load (0.4ms)[0m  [1mSELECT "musics".* FROM "musics"[0m
  Rendered home/index.html.erb within layouts/application (12.4ms)
Completed 200 OK in 84ms (Views: 80.7ms | ActiveRecord: 0.4ms)


Started GET "/" for ::1 at 2016-11-19 19:29:20 -0300
Processing by HomeController#index as HTML
  [1m[35mMusic Load (0.4ms)[0m  SELECT "musics".* FROM "musics"
  Rendered home/index.html.erb within layouts/application (82.9ms)
Completed 200 OK in 127ms (Views: 121.4ms | ActiveRecord: 0.4ms)


Started GET "/" for ::1 at 2016-11-19 19:29:30 -0300
Processing by HomeController#index as HTML
  [1m[36mMusic Load (2.7ms)[0m  [1mSELECT "musics".* FROM "musics"[0m
  Rendered home/index.html.erb within layouts/application (136.3ms)
Completed 200 OK in 331ms (Views: 309.6ms | ActiveRecord: 2.7ms)


Started GET "/" for ::1 at 2016-11-19 19:32:04 -0300
Processing by HomeController#index as HTML
  [1m[35mMusic Load (1.6ms)[0m  SELECT "musics".* FROM "musics"
  Rendered home/index.html.erb within layouts/application (55.3ms)
Completed 200 OK in 270ms (Views: 260.8ms | ActiveRecord: 1.6ms)


Started GET "/" for ::1 at 2016-11-19 19:32:21 -0300
Processing by HomeController#index as HTML
  [1m[36mMusic Load (0.2ms)[0m  [1mSELECT "musics".* FROM "musics"[0m
  Rendered home/index.html.erb within layouts/application (38.4ms)
Completed 200 OK in 79ms (Views: 78.0ms | ActiveRecord: 0.2ms)


Started GET "/" for ::1 at 2016-11-19 19:33:10 -0300
Processing by HomeController#index as HTML
  [1m[35mMusic Load (1.3ms)[0m  SELECT "musics".* FROM "musics"
  Rendered home/index.html.erb within layouts/application (165.6ms)
Completed 200 OK in 521ms (Views: 495.3ms | ActiveRecord: 1.3ms)


Started GET "/" for ::1 at 2016-11-19 19:33:21 -0300
Processing by HomeController#index as HTML
  [1m[36mMusic Load (1.0ms)[0m  [1mSELECT "musics".* FROM "musics"[0m
  Rendered home/index.html.erb within layouts/application (210.7ms)
Completed 200 OK in 581ms (Views: 563.3ms | ActiveRecord: 1.0ms)


Started GET "/" for ::1 at 2016-11-19 19:33:29 -0300
Processing by HomeController#index as HTML
  [1m[35mMusic Load (1.5ms)[0m  SELECT "musics".* FROM "musics"
  Rendered home/index.html.erb within layouts/application (61.9ms)
Completed 200 OK in 234ms (Views: 223.6ms | ActiveRecord: 1.5ms)


Started GET "/" for ::1 at 2016-11-19 19:33:56 -0300
Processing by HomeController#index as HTML
  [1m[36mMusic Load (0.4ms)[0m  [1mSELECT "musics".* FROM "musics"[0m
  Rendered home/index.html.erb within layouts/application (9.3ms)
Completed 200 OK in 57ms (Views: 55.1ms | ActiveRecord: 0.4ms)


Started GET "/" for ::1 at 2016-11-19 19:34:08 -0300
Processing by HomeController#index as HTML
  [1m[35mMusic Load (0.4ms)[0m  SELECT "musics".* FROM "musics"
  Rendered home/index.html.erb within layouts/application (62.5ms)
Completed 200 OK in 137ms (Views: 135.3ms | ActiveRecord: 0.4ms)


Started GET "/" for ::1 at 2016-11-19 19:34:13 -0300
Processing by HomeController#index as HTML
  [1m[36mMusic Load (0.3ms)[0m  [1mSELECT "musics".* FROM "musics"[0m
  Rendered home/index.html.erb within layouts/application (15.0ms)
Completed 200 OK in 82ms (Views: 80.7ms | ActiveRecord: 0.3ms)


Started GET "/" for ::1 at 2016-11-19 19:34:17 -0300
Processing by HomeController#index as HTML
  [1m[35mMusic Load (0.2ms)[0m  SELECT "musics".* FROM "musics"
  Rendered home/index.html.erb within layouts/application (40.4ms)
Completed 200 OK in 67ms (Views: 66.2ms | ActiveRecord: 0.2ms)


Started GET "/" for ::1 at 2016-11-19 19:34:33 -0300
Processing by HomeController#index as HTML
  [1m[36mMusic Load (0.2ms)[0m  [1mSELECT "musics".* FROM "musics"[0m
  Rendered home/index.html.erb within layouts/application (32.1ms)
Completed 200 OK in 66ms (Views: 64.7ms | ActiveRecord: 0.2ms)


Started GET "/" for ::1 at 2016-11-19 19:34:53 -0300
Processing by HomeController#index as HTML
  [1m[35mMusic Load (13.5ms)[0m  SELECT "musics".* FROM "musics"
  Rendered home/index.html.erb within layouts/application (39.8ms)
Completed 200 OK in 195ms (Views: 168.5ms | ActiveRecord: 13.5ms)


Started GET "/" for ::1 at 2016-11-19 19:35:32 -0300
Processing by HomeController#index as HTML
  [1m[36mMusic Load (1.5ms)[0m  [1mSELECT "musics".* FROM "musics"[0m
  Rendered home/index.html.erb within layouts/application (196.3ms)
Completed 200 OK in 531ms (Views: 515.9ms | ActiveRecord: 1.5ms)


Started GET "/" for ::1 at 2016-11-19 19:35:41 -0300
Processing by HomeController#index as HTML
  [1m[35mMusic Load (0.2ms)[0m  SELECT "musics".* FROM "musics"
  Rendered home/index.html.erb within layouts/application (13.7ms)
Completed 200 OK in 91ms (Views: 89.9ms | ActiveRecord: 0.2ms)


Started GET "/" for ::1 at 2016-11-19 19:36:04 -0300
Processing by HomeController#index as HTML
  [1m[36mMusic Load (0.9ms)[0m  [1mSELECT "musics".* FROM "musics"[0m
  Rendered home/index.html.erb within layouts/application (56.7ms)
Completed 200 OK in 184ms (Views: 175.1ms | ActiveRecord: 0.9ms)


Started GET "/" for ::1 at 2016-11-19 19:37:34 -0300
Processing by HomeController#index as HTML
  [1m[35mMusic Load (1.5ms)[0m  SELECT "musics".* FROM "musics"
  Rendered home/index.html.erb within layouts/application (135.3ms)
Completed 200 OK in 497ms (Views: 474.3ms | ActiveRecord: 1.5ms)


Started GET "/" for ::1 at 2016-11-19 19:38:05 -0300
Processing by HomeController#index as HTML
  [1m[36mMusic Load (0.3ms)[0m  [1mSELECT "musics".* FROM "musics"[0m
  Rendered home/index.html.erb within layouts/application (65.2ms)
Completed 200 OK in 152ms (Views: 150.7ms | ActiveRecord: 0.2ms)


Started GET "/" for ::1 at 2016-11-19 19:39:42 -0300
Processing by HomeController#index as HTML
  [1m[35mMusic Load (1.4ms)[0m  SELECT "musics".* FROM "musics"
  Rendered home/index.html.erb within layouts/application (66.8ms)
Completed 200 OK in 251ms (Views: 238.6ms | ActiveRecord: 1.4ms)


Started POST "/musics" for ::1 at 2016-11-19 19:43:09 -0300
Processing by MusicsController#create as JSON
  Parameters: {"title"=>"", "artist"=>"", "year"=>"", "genre"=>""}
  [1m[36m (1.1ms)[0m  [1mbegin transaction[0m
  [1m[35mSQL (234.2ms)[0m  INSERT INTO "musics" ("title", "artist", "year", "genre", "created_at", "updated_at") VALUES (?, ?, ?, ?, ?, ?)  [["title", ""], ["artist", ""], ["year", ""], ["genre", ""], ["created_at", "2016-11-19 22:43:09.622256"], ["updated_at", "2016-11-19 22:43:09.622256"]]
  [1m[36m (6.9ms)[0m  [1mcommit transaction[0m
[active_model_serializers] Rendered ActiveModel::Serializer::Null with Music (3.66ms)
Completed 201 Created in 307ms (Views: 18.5ms | ActiveRecord: 242.3ms)


Started POST "/musics" for ::1 at 2016-11-19 19:43:11 -0300
Processing by MusicsController#create as JSON
  Parameters: {"title"=>"", "artist"=>"", "year"=>"", "genre"=>""}
  [1m[35m (0.2ms)[0m  begin transaction
  [1m[36mSQL (0.7ms)[0m  [1mINSERT INTO "musics" ("title", "artist", "year", "genre", "created_at", "updated_at") VALUES (?, ?, ?, ?, ?, ?)[0m  [["title", ""], ["artist", ""], ["year", ""], ["genre", ""], ["created_at", "2016-11-19 22:43:11.748034"], ["updated_at", "2016-11-19 22:43:11.748034"]]
  [1m[35m (3.5ms)[0m  commit transaction
[active_model_serializers] Rendered ActiveModel::Serializer::Null with Music (3.74ms)
Completed 201 Created in 27ms (Views: 6.5ms | ActiveRecord: 4.4ms)


Started GET "/" for ::1 at 2016-11-19 19:46:30 -0300
Processing by HomeController#index as HTML
  [1m[36mMusic Load (1.6ms)[0m  [1mSELECT "musics".* FROM "musics"[0m
  Rendered home/index.html.erb within layouts/application (38.2ms)
Completed 200 OK in 507ms (Views: 496.0ms | ActiveRecord: 1.6ms)


Started GET "/assets/home.self-ce8d672e15087d62cf7cf6bc2f0d4fdd0b5e8e67bbe1c100a8354c0385cd7e05.css?body=1" for ::1 at 2016-11-19 19:46:31 -0300


Started GET "/assets/home.self-1e477c6237b47085baae30e87570e663fcb9d116b25221e6adbe50dfa4460fd2.js?body=1" for ::1 at 2016-11-19 19:46:31 -0300


Started GET "/assets/turbolinks.self-c5acd7a204f5f25ce7a1d8a0e4d92e28d34c9e2df2c7371cd7af88e147e4ad82.js?body=1" for ::1 at 2016-11-19 19:46:31 -0300


Started GET "/assets/application.self-e80e8f2318043e8af94dddc2adad5a4f09739a8ebb323b3ab31cd71d45fd9113.css?body=1" for ::1 at 2016-11-19 19:46:31 -0300


Started GET "/assets/jquery.self-bd7ddd393353a8d2480a622e80342adf488fb6006d667e8b42e4c0073393abee.js?body=1" for ::1 at 2016-11-19 19:46:31 -0300


Started GET "/assets/jquery_ujs.self-784a997f6726036b1993eb2217c9cb558e1cbb801c6da88105588c56f13b466a.js?body=1" for ::1 at 2016-11-19 19:46:31 -0300


Started GET "/assets/application.self-3b8dabdc891efe46b9a144b400ad69e37d7e5876bdc39dee783419a69d7ca819.js?body=1" for ::1 at 2016-11-19 19:46:31 -0300


Started GET "/" for ::1 at 2016-11-19 19:49:35 -0300
Processing by HomeController#index as HTML
  [1m[35mMusic Load (1.0ms)[0m  SELECT "musics".* FROM "musics"
  Rendered home/index.html.erb within layouts/application (31.1ms)
Completed 200 OK in 1131ms (Views: 1116.1ms | ActiveRecord: 1.0ms)


Started GET "/assets/home.self-c00ba38cc2f80319a02343dd9fdbc460ce0b398b176439b86be754812f9ba93f.js?body=1" for ::1 at 2016-11-19 19:49:36 -0300
